TN:
SF:src/index.js
FN:10,(anonymous_0)
FN:16,(anonymous_1)
FNF:2
FNH:1
FNDA:1,(anonymous_0)
FNDA:0,(anonymous_1)
DA:1,1
DA:2,1
DA:4,1
DA:5,1
DA:7,1
DA:8,1
DA:10,1
DA:11,1
DA:15,1
DA:16,0
DA:17,0
DA:21,1
LF:12
LH:10
BRDA:5,0,0,1
BRDA:5,0,1,1
BRDA:15,1,0,0
BRDA:15,1,1,1
BRF:4
BRH:3
end_of_record
TN:
SF:src/routes/health.js
FN:4,(anonymous_0)
FN:13,(anonymous_1)
FNF:2
FNH:2
FNDA:1,(anonymous_0)
FNDA:1,(anonymous_1)
DA:1,1
DA:2,1
DA:4,1
DA:5,1
DA:13,1
DA:14,1
DA:21,1
LF:7
LH:7
BRDA:8,0,0,1
BRDA:8,0,1,1
BRDA:9,1,0,1
BRDA:9,1,1,0
BRF:4
BRH:3
end_of_record
